[thepatriots.asia/isu-bentuk-bumi-jawapan-kepada-ustaz-auni/index.html]
[backblue.gif]
[fade.gif]
[index.html]
[cdn.ampproject.org/v0.js]
[cdn.ampproject.org/v0/amp-ad-0.1.js]
[cdn.ampproject.org/v0/amp-analytics-0.1.js]
[cdn.ampproject.org/v0/amp-bind-0.1.js]
[cdn.ampproject.org/v0/amp-form-0.1.js]
[cdn.ampproject.org/v0/amp-install-serviceworker-0.1.js]
[cdn.ampproject.org/v0/amp-lightbox-0.1.js]
[cdn.ampproject.org/v0/amp-web-push-0.1.js]
[thepatriots.asia/wp-content/uploads/tpa-icon-192x192-1.png]
[thepatriots.asia/wp-content/uploads/MTK-Promo_compressed-1.png]
[thepatriots.asia/wp-content/uploads/logo-amp-patpub.png]
[thepatriots.asia/wp-content/uploads/thepatriots-logo-1x-1.png]
[thepatriots.asia/wp-content/uploads/thepatriots-logo-tp-x1.png]
[thepatriots.asia/wp-content/uploads/china-coverrrr-696x364-3.png]
[thepatriots.asia/superpwa-sw.js]
[pixel.wp.com/g8404.gif]
[thepatriots.asia/isu-bentuk-bumi-jawapan-kepada-ustaz-auni/index.html]
[thepatriots.asia/wp-content/uploads/MTK-Promo_compressed-1.html]
[thepatriots.asia/wp-content/uploads/logo-amp-patpub.html]
[thepatriots.asia/wp-content/uploads/thepatriots-logo-tp-x1.html]
[thepatriots.asia/superpwa-sw.html]
