[thepatriots.asia/siri-bedah-konspirasi-siapakah-freemason-dan-illuminati/index.html]
[backblue.gif]
[fade.gif]
[index.html]
[cdn.ampproject.org/v0.js]
[cdn.ampproject.org/v0/amp-ad-0.1.js]
[cdn.ampproject.org/v0/amp-analytics-0.1.js]
[cdn.ampproject.org/v0/amp-bind-0.1.js]
[cdn.ampproject.org/v0/amp-form-0.1.js]
[cdn.ampproject.org/v0/amp-install-serviceworker-0.1.js]
[cdn.ampproject.org/v0/amp-lightbox-0.1.js]
[cdn.ampproject.org/v0/amp-mustache-0.2.js]
[cdn.ampproject.org/v0/amp-web-push-0.1.js]
[thepatriots.asia/wp-content/uploads/tpa-icon-192x192-1.png]
[thepatriots.asia/wp-content/uploads/MTK-Promo_compressed-1.png]
[thepatriots.asia/wp-content/uploads/logo-amp-patpub.png]
[thepatriots.asia/wp-content/uploads/thepatriots-logo-1x-1.png]
[thepatriots.asia/siri-bedah-konspirasi-siapakah-freemason-dan-illuminati/feed/index.html]
[thepatriots.asia/wp-content/uploads/thepatriots-logo-tp-x1.png]
[thepatriots.asia/wp-content/uploads/1-41.jpg]
[thepatriots.asia/wp-content/uploads/1-40-1024x664.jpg]
[thepatriots.asia/wp-content/uploads/2-17.jpg]
[thepatriots.asia/wp-content/uploads/3-9.jpg]
[thepatriots.asia/wp-content/uploads/4-6-1024x678.jpg]
[thepatriots.asia/wp-content/uploads/5-3-1024x591.jpg]
[thepatriots.asia/wp-content/uploads/6-3-300x189.jpg]
[thepatriots.asia/wp-content/uploads/7-2.jpg]
[thepatriots.asia/wp-content/uploads/8.jpg]
[thepatriots.asia/wp-content/uploads/9-1.jpg]
[thepatriots.asia/wp-content/uploads/10.jpg]
[thepatriots.asia/wp-content/uploads/11-e1494219343428.jpg]
[thepatriots.asia/wp-content/uploads/12.jpg]
[thepatriots.asia/wp-content/uploads/13-1024x576.jpg]
[thepatriots.asia/wp-content/uploads/14.jpg]
[thepatriots.asia/wp-content/uploads/15.jpg]
[s.w.org/images/core/emoji/15.0.3/72x72/1f644.png]
[thepatriots.asia/superpwa-sw.js]
[pixel.wp.com/g1547.gif]
[thepatriots.asia/siri-bedah-konspirasi-siapakah-freemason-dan-illuminati/index.html]
[thepatriots.asia/wp-content/uploads/MTK-Promo_compressed-1.html]
[thepatriots.asia/wp-content/uploads/logo-amp-patpub.html]
[thepatriots.asia/wp-content/uploads/thepatriots-logo-tp-x1.html]
[thepatriots.asia/wp-content/uploads/1-41.html]
[thepatriots.asia/wp-content/uploads/1-40-1024x664.html]
[thepatriots.asia/wp-content/uploads/2-17.html]
[thepatriots.asia/wp-content/uploads/3-9.html]
[thepatriots.asia/wp-content/uploads/4-6-1024x678.html]
[thepatriots.asia/wp-content/uploads/6-3-300x189.html]
[thepatriots.asia/wp-content/uploads/7-2.html]
[thepatriots.asia/wp-content/uploads/8.html]
[thepatriots.asia/wp-content/uploads/9-1.html]
[thepatriots.asia/wp-content/uploads/11-e1494219343428.html]
[thepatriots.asia/wp-content/uploads/12.html]
[thepatriots.asia/wp-content/uploads/14.html]
[thepatriots.asia/siri-bedah-konspirasi-siapakah-freemason-dan-illuminati/index1eb2.html]
[thepatriots.asia/siri-bedah-konspirasi-siapakah-freemason-dan-illuminati/index1eb2.html]
[thepatriots.asia/superpwa-sw.html]
